Arguments: 
  /usr/local/Cellar/node/15.5.0/bin/node /usr/local/Cellar/yarn/1.22.10/libexec/bin/yarn.js start

PATH: 
  /Users/dfleminks/.rbenv/shims:~/Library/Python/3.7/bin/:/Library/Frameworks/Python.framework/Versions/3.7/bin:/usr/local/bin:/usr/bin:/bin:/usr/sbin:/sbin:/Library/Apple/usr/bin:/Users/dfleminks/.rbenv/shims:/Users/dfleminks/google-cloud-sdk/bin:~/Library/Python/3.7/bin/:/Library/Frameworks/Python.framework/Versions/3.7/bin:/Applications/apache-maven-3.4.5/bin:/Applications/SimulationCraft:/Applications/apache-maven-3.4.5/bin:/Applications/SimulationCraft

Yarn version: 
  1.22.10

Node version: 
  15.5.0

Platform: 
  darwin x64

Trace: 
  SyntaxError: /Users/dfleminks/Google Drive/school/Year 4/Project/Salesforce Game/virtual-office/client/package.json: Unexpected token } in JSON at position 316
      at JSON.parse (<anonymous>)
      at /usr/local/Cellar/yarn/1.22.10/libexec/lib/cli.js:1625:59
      at Generator.next (<anonymous>)
      at step (/usr/local/Cellar/yarn/1.22.10/libexec/lib/cli.js:310:30)
      at /usr/local/Cellar/yarn/1.22.10/libexec/lib/cli.js:321:13

npm manifest: 
  {
    "name": "client",
    "version": "1.0.0",
    "description": "client side code for virtual office",
    "main": "src/index.js",
    "scripts": {
      "test": "echo \"Error: no test specified\" && exit 1",
      "build" : "webpack --mode production",
      "start" : "yarn build && webpack serve --mode development --open",
    },
    "author": "Damien Fleminks",
    "license": "ISC",
    "devDependencies": {
      "raw-loader": "^4.0.2",
      "webpack": "^5.26.2",
      "webpack-cli": "^4.5.0",
      "webpack-dev-server": "^3.11.2"
    },
    "dependencies": {
      "phaser": "^3.53.1"
    }
  }

yarn manifest: 
  No manifest

Lockfile: 
  No lockfile
